<?xml version="1.0" encoding="UTF-8"?>
<!-- Generated by org.testng.reporters.JUnitXMLReporter -->
<testsuite ignored="0" hostname="Ramvilas" failures="0" tests="8" name="Default test" time="14.472" errors="0" timestamp="2026-08-05T12:47:36 IST">
  <testcase classname="api.test.dataDrivenTests" name="testPostUser" time="3.974"/>
  <testcase classname="api.test.dataDrivenTests" name="testPostUser" time="1.166"/>
  <testcase classname="api.test.dataDrivenTests" name="testPostUser" time="1.262"/>
  <testcase classname="api.test.dataDrivenTests" name="testPostUser" time="1.188"/>
  <testcase classname="api.test.dataDrivenTests" name="testDeleteUserByName" time="1.252"/>
  <testcase classname="api.test.dataDrivenTests" name="testDeleteUserByName" time="1.231"/>
  <testcase classname="api.test.dataDrivenTests" name="testDeleteUserByName" time="1.205"/>
  <testcase classname="api.test.dataDrivenTests" name="testDeleteUserByName" time="1.419"/>
</testsuite> <!-- Default test -->
