<?xml version="1.0" encoding="UTF-8"?>
<!-- Generated by org.testng.reporters.JUnitXMLReporter -->
<testsuite ignored="0" hostname="Ramvilas" failures="0" tests="4" name="Test" time="11.291" errors="0" timestamp="2026-08-06T13:09:54 IST">
  <testcase classname="api.test.UserTests2" name="testPostUser" time="4.445"/>
  <testcase classname="api.test.UserTests2" name="testGetUserByName" time="1.217"/>
  <testcase classname="api.test.UserTests2" name="testUpdateUserByName" time="2.818"/>
  <testcase classname="api.test.UserTests2" name="testDeleteByUser" time="1.254"/>
</testsuite> <!-- Test -->
