<?xml version="1.0" encoding="UTF-8"?>
<!-- Generated by org.testng.reporters.JUnitXMLReporter -->
<testsuite ignored="0" hostname="Ramvilas" failures="0" tests="4" name="Test" time="10.386" errors="0" timestamp="2026-08-06T13:34:22 IST">
  <testcase classname="api.test.UserTests2" name="testPostUser" time="3.444"/>
  <testcase classname="api.test.UserTests2" name="testGetUserByName" time="1.629"/>
  <testcase classname="api.test.UserTests2" name="testUpdateUserByName" time="2.432"/>
  <testcase classname="api.test.UserTests2" name="testDeleteByUser" time="1.767"/>
</testsuite> <!-- Test -->
