<?xml version="1.0" encoding="UTF-8"?>
<testng-results ignored="0" total="4" passed="4" failed="0" skipped="0">
  <reporter-output>
  </reporter-output>
  <suite started-at="2026-08-06T13:34:11 IST" name="Suite" finished-at="2026-08-06T13:34:22 IST" duration-ms="10386">
    <groups>
    </groups>
    <test started-at="2026-08-06T13:34:11 IST" name="Test" finished-at="2026-08-06T13:34:22 IST" duration-ms="10386">
      <class name="api.test.UserTests2">
        <test-method is-config="true" signature="setupData()[pri:0, instance:api.test.UserTests2@6e0dec4a]" started-at="2026-08-06T13:34:12 IST" name="setupData" finished-at="2026-08-06T13:34:12 IST" duration-ms="760" status="PASS">
          <reporter-output>
          </reporter-output>
        </test-method> <!-- setupData -->
        <test-method signature="testPostUser()[pri:1, instance:api.test.UserTests2@6e0dec4a]" started-at="2026-08-06T13:34:12 IST" name="testPostUser" finished-at="2026-08-06T13:34:16 IST" duration-ms="3444" status="PASS">
          <reporter-output>
          </reporter-output>
        </test-method> <!-- testPostUser -->
        <test-method signature="testGetUserByName()[pri:2, instance:api.test.UserTests2@6e0dec4a]" started-at="2026-08-06T13:34:16 IST" name="testGetUserByName" finished-at="2026-08-06T13:34:17 IST" duration-ms="1629" status="PASS">
          <reporter-output>
          </reporter-output>
        </test-method> <!-- testGetUserByName -->
        <test-method signature="testUpdateUserByName()[pri:3, instance:api.test.UserTests2@6e0dec4a]" started-at="2026-08-06T13:34:17 IST" name="testUpdateUserByName" finished-at="2026-08-06T13:34:20 IST" duration-ms="2432" status="PASS">
          <reporter-output>
          </reporter-output>
        </test-method> <!-- testUpdateUserByName -->
        <test-method signature="testDeleteByUser()[pri:4, instance:api.test.UserTests2@6e0dec4a]" started-at="2026-08-06T13:34:20 IST" name="testDeleteByUser" finished-at="2026-08-06T13:34:22 IST" duration-ms="1767" status="PASS">
          <reporter-output>
          </reporter-output>
        </test-method> <!-- testDeleteByUser -->
      </class> <!-- api.test.UserTests2 -->
    </test> <!-- Test -->
  </suite> <!-- Suite -->
</testng-results>
