<?xml version="1.0" encoding="UTF-8"?>
<testng-results ignored="0" total="4" passed="4" failed="0" skipped="0">
  <reporter-output>
  </reporter-output>
  <suite started-at="2026-08-06T13:09:42 IST" name="Suite" finished-at="2026-08-06T13:09:54 IST" duration-ms="11291">
    <groups>
    </groups>
    <test started-at="2026-08-06T13:09:42 IST" name="Test" finished-at="2026-08-06T13:09:54 IST" duration-ms="11291">
      <class name="api.test.UserTests2">
        <test-method is-config="true" signature="setupData()[pri:0, instance:api.test.UserTests2@1e800aaa]" started-at="2026-08-06T13:09:43 IST" name="setupData" finished-at="2026-08-06T13:09:44 IST" duration-ms="1066" status="PASS">
          <reporter-output>
          </reporter-output>
        </test-method> <!-- setupData -->
        <test-method signature="testPostUser()[pri:1, instance:api.test.UserTests2@1e800aaa]" started-at="2026-08-06T13:09:44 IST" name="testPostUser" finished-at="2026-08-06T13:09:48 IST" duration-ms="4445" status="PASS">
          <reporter-output>
          </reporter-output>
        </test-method> <!-- testPostUser -->
        <test-method signature="testGetUserByName()[pri:2, instance:api.test.UserTests2@1e800aaa]" started-at="2026-08-06T13:09:48 IST" name="testGetUserByName" finished-at="2026-08-06T13:09:50 IST" duration-ms="1217" status="PASS">
          <reporter-output>
          </reporter-output>
        </test-method> <!-- testGetUserByName -->
        <test-method signature="testUpdateUserByName()[pri:3, instance:api.test.UserTests2@1e800aaa]" started-at="2026-08-06T13:09:50 IST" name="testUpdateUserByName" finished-at="2026-08-06T13:09:52 IST" duration-ms="2818" status="PASS">
          <reporter-output>
          </reporter-output>
        </test-method> <!-- testUpdateUserByName -->
        <test-method signature="testDeleteByUser()[pri:4, instance:api.test.UserTests2@1e800aaa]" started-at="2026-08-06T13:09:52 IST" name="testDeleteByUser" finished-at="2026-08-06T13:09:54 IST" duration-ms="1254" status="PASS">
          <reporter-output>
          </reporter-output>
        </test-method> <!-- testDeleteByUser -->
      </class> <!-- api.test.UserTests2 -->
    </test> <!-- Test -->
  </suite> <!-- Suite -->
</testng-results>
