<?xml version="1.0" encoding="UTF-8"?>
<!-- Generated by org.testng.reporters.JUnitReportReporter -->
<testsuite hostname="Ramvilas" failures="0" tests="4" name="api.test.UserTests" time="11.660" errors="0" timestamp="2026-08-06T12:55:27 IST" skipped="0">
  <testcase classname="api.test.UserTests" name="testPostUser" time="5.519"/>
  <testcase classname="api.test.UserTests" name="testGetUserByName" time="1.253"/>
  <testcase classname="api.test.UserTests" name="testUpdateUserByName" time="3.109"/>
  <testcase classname="api.test.UserTests" name="testDeleteByUser" time="1.779"/>
</testsuite> <!-- api.test.UserTests -->
