<?xml version="1.0" encoding="UTF-8"?>
<!-- Generated by org.testng.reporters.JUnitReportReporter -->
<testsuite hostname="Ramvilas" failures="0" tests="4" name="api.test.UserTests2" time="9.272" errors="0" timestamp="2026-08-06T13:34:22 IST" skipped="0">
  <testcase classname="api.test.UserTests2" name="testPostUser" time="3.444"/>
  <testcase classname="api.test.UserTests2" name="testGetUserByName" time="1.629"/>
  <testcase classname="api.test.UserTests2" name="testUpdateUserByName" time="2.432"/>
  <testcase classname="api.test.UserTests2" name="testDeleteByUser" time="1.767"/>
</testsuite> <!-- api.test.UserTests2 -->
